> Task :app:checkKotlinGradlePluginConfigurationErrors SKIPPED
> Task :app:preBuild UP-TO-DATE
> Task :app:preDebugBuild UP-TO-DATE
> Task :app:checkDebugAarMetadata UP-TO-DATE
> Task :app:processDebugNavigationResources UP-TO-DATE
> Task :app:compileDebugNavigationResources UP-TO-DATE
> Task :app:generateDebugResValues UP-TO-DATE
> Task :app:mapDebugSourceSetPaths UP-TO-DATE
> Task :app:generateDebugResources UP-TO-DATE
> Task :app:mergeDebugResources UP-TO-DATE
> Task :app:packageDebugResources UP-TO-DATE
> Task :app:parseDebugLocalResources UP-TO-DATE
> Task :app:createDebugCompatibleScreenManifests UP-TO-DATE
> Task :app:extractDeepLinksDebug UP-TO-DATE
> Task :app:processDebugMainManifest UP-TO-DATE
> Task :app:processDebugManifest UP-TO-DATE
> Task :app:processDebugManifestForPackage UP-TO-DATE
> Task :app:processDebugResources UP-TO-DATE

> Task :app:compileDebugKotlin FAILED
e: file:///Users/hystrix/Project/mobile-zenith-demo/android/app/src/main/java/com/aztek/zenith/demo/MainActivity.kt:44:58 Unresolved reference 'ZenithSignInType'.
e: file:///Users/hystrix/Project/mobile-zenith-demo/android/app/src/main/java/com/aztek/zenith/demo/MainActivity.kt:45:58 Unresolved reference 'ZenithSignInType'.
e: file:///Users/hystrix/Project/mobile-zenith-demo/android/app/src/main/java/com/aztek/zenith/demo/MainActivity.kt:55:23 Unresolved reference 'shared'.
e: file:///Users/hystrix/Project/mobile-zenith-demo/android/app/src/main/java/com/aztek/zenith/demo/MainActivity.kt:62:36 Unresolved reference 'ZenithSignInType'.
e: file:///Users/hystrix/Project/mobile-zenith-demo/android/app/src/main/java/com/aztek/zenith/demo/MainActivity.kt:63:19 Unresolved reference 'shared'.
e: file:///Users/hystrix/Project/mobile-zenith-demo/android/app/src/main/java/com/aztek/zenith/demo/MainActivity.kt:66:29 Cannot infer type for this parameter. Please specify it explicitly.
e: file:///Users/hystrix/Project/mobile-zenith-demo/android/app/src/main/java/com/aztek/zenith/demo/MainActivity.kt:68:29 Cannot infer type for this parameter. Please specify it explicitly.
e: file:///Users/hystrix/Project/mobile-zenith-demo/android/app/src/main/java/com/aztek/zenith/demo/MainActivity.kt:73:19 Unresolved reference 'shared'.
e: file:///Users/hystrix/Project/mobile-zenith-demo/android/app/src/main/java/com/aztek/zenith/demo/MainActivity.kt:74:29 Cannot infer type for this parameter. Please specify it explicitly.
e: file:///Users/hystrix/Project/mobile-zenith-demo/android/app/src/main/java/com/aztek/zenith/demo/MainActivity.kt:75:29 Cannot infer type for this parameter. Please specify it explicitly.
e: file:///Users/hystrix/Project/mobile-zenith-demo/android/app/src/main/java/com/aztek/zenith/demo/MainActivity.kt:83:19 Unresolved reference 'shared'.
e: file:///Users/hystrix/Project/mobile-zenith-demo/android/app/src/main/java/com/aztek/zenith/demo/MainActivity.kt:84:29 Cannot infer type for this parameter. Please specify it explicitly.
e: file:///Users/hystrix/Project/mobile-zenith-demo/android/app/src/main/java/com/aztek/zenith/demo/MainActivity.kt:88:63 Unresolved reference 'id'.
e: file:///Users/hystrix/Project/mobile-zenith-demo/android/app/src/main/java/com/aztek/zenith/demo/MainActivity.kt:89:69 Unresolved reference 'username'.
e: file:///Users/hystrix/Project/mobile-zenith-demo/android/app/src/main/java/com/aztek/zenith/demo/MainActivity.kt:90:66 Unresolved reference 'email'.
e: file:///Users/hystrix/Project/mobile-zenith-demo/android/app/src/main/java/com/aztek/zenith/demo/MainActivity.kt:91:69 Unresolved reference 'isVerifiedProfile'.
e: file:///Users/hystrix/Project/mobile-zenith-demo/android/app/src/main/java/com/aztek/zenith/demo/MainActivity.kt:92:66 Unresolved reference 'isGuest'.
e: file:///Users/hystrix/Project/mobile-zenith-demo/android/app/src/main/java/com/aztek/zenith/demo/MainActivity.kt:97:29 Cannot infer type for this parameter. Please specify it explicitly.
e: file:///Users/hystrix/Project/mobile-zenith-demo/android/app/src/main/java/com/aztek/zenith/demo/MainActivity.kt:102:19 Unresolved reference 'shared'.
e: file:///Users/hystrix/Project/mobile-zenith-demo/android/app/src/main/java/com/aztek/zenith/demo/MainActivity.kt:116:40 Unresolved reference 'ZenithUserInfo'.
e: file:///Users/hystrix/Project/mobile-zenith-demo/android/app/src/main/java/com/aztek/zenith/demo/MainActivity.kt:121:15 Cannot infer type for this parameter. Please specify it explicitly.
e: file:///Users/hystrix/Project/mobile-zenith-demo/android/app/src/main/java/com/aztek/zenith/demo/MainActivity.kt:121:15 Unresolved reference. None of the following candidates is applicable because of a receiver type mismatch:
fun <T, R> T.let(block: (T) -> R): R
    [R|Contract description]
     <
        CallsInPlace(block, EXACTLY_ONCE)
    >
e: file:///Users/hystrix/Project/mobile-zenith-demo/android/app/src/main/java/com/aztek/zenith/demo/MainActivity.kt:121:19 Cannot infer type for this parameter. Please specify it explicitly.
e: file:///Users/hystrix/Project/mobile-zenith-demo/android/app/src/main/java/com/aztek/zenith/demo/MainActivity.kt:122:39 Unresolved reference 'id'.
e: file:///Users/hystrix/Project/mobile-zenith-demo/android/app/src/main/java/com/aztek/zenith/demo/MainActivity.kt:123:47 Unresolved reference 'username'.

FAILURE: Build failed with an exception.

* What went wrong:
Execution failed for task ':app:compileDebugKotlin'.
> A failure occurred while executing org.jetbrains.kotlin.compilerRunner.GradleCompilerRunnerWithWorkers$GradleKotlinCompilerWorkAction
   > Compilation error. See log for more details

* Try:
> Run with --stacktrace option to get the stack trace.
> Run with --info or --debug option to get more log output.
> Run with --scan to get full insights.
> Get more help at https://help.gradle.org.

BUILD FAILED in 1s
16 actionable tasks: 1 executed, 15 up-to-date
